TN:
SF:client/src/components/Button.jsx
FN:3,(anonymous_0)
FNF:1
FNH:1
FNDA:12,(anonymous_0)
DA:3,1
DA:12,12
DA:14,12
LF:3
LH:3
BRDA:7,0,0,9
BRDA:8,1,0,9
BRDA:9,2,0,11
BRDA:12,3,0,2
BRDA:12,3,1,10
BRF:5
BRH:5
end_of_record
TN:
SF:server/src/app.js
FN:10,(anonymous_0)
FN:19,(anonymous_1)
FN:36,(anonymous_2)
FN:40,(anonymous_3)
FN:49,(anonymous_4)
FN:62,(anonymous_5)
FN:66,(anonymous_6)
FNF:7
FNH:7
FNDA:8,(anonymous_0)
FNDA:2,(anonymous_1)
FNDA:3,(anonymous_2)
FNDA:2,(anonymous_3)
FNDA:1,(anonymous_4)
FNDA:1,(anonymous_5)
FNDA:1,(anonymous_6)
DA:1,1
DA:2,1
DA:4,1
DA:8,1
DA:10,1
DA:11,8
DA:12,8
DA:13,3
DA:15,5
DA:16,5
DA:19,1
DA:20,2
DA:21,2
DA:22,2
DA:23,2
DA:24,2
DA:25,2
DA:26,2
DA:27,2
DA:28,1
DA:33,1
DA:36,1
DA:37,3
DA:40,1
DA:41,2
DA:42,1
DA:44,1
DA:45,1
DA:46,1
DA:49,1
DA:50,1
DA:53,1
DA:55,1
DA:56,1
DA:59,0
DA:62,1
DA:63,1
DA:66,1
DA:67,1
DA:68,1
DA:71,1
LF:41
LH:40
BRDA:12,0,0,3
BRDA:12,0,1,5
BRDA:12,1,0,8
BRDA:12,1,1,5
BRDA:21,2,0,2
BRDA:21,2,1,0
BRDA:25,3,0,2
BRDA:25,3,1,0
BRDA:27,4,0,1
BRDA:27,4,1,1
BRDA:41,5,0,1
BRDA:41,5,1,1
BRDA:53,6,0,1
BRDA:53,6,1,1
BRDA:55,7,0,1
BRDA:55,7,1,0
BRF:16
BRH:13
end_of_record
TN:
SF:server/src/models/Post.js
FNF:0
FNH:0
DA:1,1
DA:3,1
DA:11,1
LF:3
LH:3
BRF:0
BRH:0
end_of_record
TN:
SF:server/src/models/User.js
FNF:0
FNH:0
DA:1,1
DA:3,1
DA:9,1
LF:3
LH:3
BRF:0
BRH:0
end_of_record
TN:
SF:server/src/utils/auth.js
FN:3,(anonymous_0)
FNF:1
FNH:1
FNDA:2,(anonymous_0)
DA:1,1
DA:3,1
DA:4,2
DA:11,1
LF:4
LH:4
BRDA:5,0,0,2
BRDA:5,0,1,0
BRDA:6,1,0,2
BRDA:6,1,1,2
BRF:4
BRH:3
end_of_record
